/net/tautona/neuro/tmp/surfsvTvo6free/MRI/Freesurfer/mri
/neuro/arch/x86_64-Linux/packages/freesurfer/stable-5.3/bin/mri_nu_correct.mni
--i orig.mgz --o nu.mgz --n 2
nIters 2
$Id: mri_nu_correct.mni,v 1.18.2.1 2013/01/09 21:23:42 nicks Exp $
Linux rc-majesty 3.14.1-mosix #1 SMP Wed Apr 23 14:21:02 EDT 2014 x86_64 x86_64 x86_64 GNU/Linux
Thu Jun 25 16:55:02 EDT 2015
Program nu_correct, built from:
Package MNI N3, version 1.10, compiled by nicks@minerva (x86_64-unknown-linux-gnu) on 2010-02-20 at 17:32:37
tmpdir is ./tmp.mri_nu_correct.mni.37166
/net/tautona/neuro/tmp/surfsvTvo6free/MRI/Freesurfer/mri
mri_convert orig.mgz ./tmp.mri_nu_correct.mni.37166/nu0.mnc -odt float
mri_convert orig.mgz ./tmp.mri_nu_correct.mni.37166/nu0.mnc -odt float 
$Id: mri_convert.c,v 1.179.2.7 2012/09/05 21:55:16 mreuter Exp $
reading from orig.mgz...
TR=2520.00, TE=1.74, TI=-1.00, flip angle=7.00
i_ras = (-1, -5.96046e-08, 0)
j_ras = (6.26666e-18, 3.94261e-19, -1)
k_ras = (-7.45058e-09, 1, 0)
changing data type from uchar to float (noscale = 0)...
writing to ./tmp.mri_nu_correct.mni.37166/nu0.mnc...
 
--------------------------------------------------------
Iteration 1 Thu Jun 25 16:55:06 EDT 2015
nu_correct -clobber ./tmp.mri_nu_correct.mni.37166/nu0.mnc ./tmp.mri_nu_correct.mni.37166/nu1.mnc -tmpdir ./tmp.mri_nu_correct.mni.37166/0/
defined(@array) is deprecated at /neuro/arch/x86_64-Linux/packages/freesurfer/stable-5.3/mni/bin/nu_estimate_np_and_em line 165.
	(Maybe you should just omit the defined()?)
defined(@array) is deprecated at /neuro/arch/x86_64-Linux/packages/freesurfer/stable-5.3/mni/bin/nu_estimate_np_and_em line 170.
	(Maybe you should just omit the defined()?)
defined(@array) is deprecated at /neuro/arch/x86_64-Linux/packages/freesurfer/stable-5.3/mni/bin/nu_estimate_np_and_em line 211.
	(Maybe you should just omit the defined()?)
defined(@array) is deprecated at /neuro/arch/x86_64-Linux/packages/freesurfer/stable-5.3/mni/bin/nu_estimate_np_and_em line 1051.
	(Maybe you should just omit the defined()?)
defined(@array) is deprecated at /neuro/arch/x86_64-Linux/packages/freesurfer/stable-5.3/mni/bin/nu_estimate_np_and_em line 1054.
	(Maybe you should just omit the defined()?)
defined(@array) is deprecated at /neuro/arch/x86_64-Linux/packages/freesurfer/stable-5.3/mni/bin/nu_estimate_np_and_em line 1449.
	(Maybe you should just omit the defined()?)
defined(@array) is deprecated at /neuro/arch/x86_64-Linux/packages/freesurfer/stable-5.3/mni/bin/nu_estimate_np_and_em line 1455.
	(Maybe you should just omit the defined()?)
defined(@array) is deprecated at /neuro/arch/x86_64-Linux/packages/freesurfer/stable-5.3/mni/bin/nu_estimate_np_and_em line 1457.
	(Maybe you should just omit the defined()?)
defined(@array) is deprecated at /neuro/arch/x86_64-Linux/packages/freesurfer/stable-5.3/mni/bin/nu_estimate_np_and_em line 1481.
	(Maybe you should just omit the defined()?)
defined(@array) is deprecated at /neuro/arch/x86_64-Linux/packages/freesurfer/stable-5.3/mni/bin/nu_estimate_np_and_em line 1631.
	(Maybe you should just omit the defined()?)
defined(@array) is deprecated at /neuro/arch/x86_64-Linux/packages/freesurfer/stable-5.3/mni/bin/nu_estimate_np_and_em line 1633.
	(Maybe you should just omit the defined()?)
defined(@array) is deprecated at /neuro/arch/x86_64-Linux/packages/freesurfer/stable-5.3/mni/bin/nu_estimate_np_and_em line 1635.
	(Maybe you should just omit the defined()?)
defined(@array) is deprecated at /neuro/arch/x86_64-Linux/packages/freesurfer/stable-5.3/mni/bin/nu_estimate_np_and_em line 1637.
	(Maybe you should just omit the defined()?)
defined(@array) is deprecated at /neuro/arch/x86_64-Linux/packages/freesurfer/stable-5.3/mni/bin/nu_estimate_np_and_em line 1639.
	(Maybe you should just omit the defined()?)
[madelyn.rubenstein@rc-majesty:/net/tautona/neuro/tmp/surfsvTvo6free/MRI/Freesurfer/mri/] [2015-06-25 16:55:06] running:
  /neuro/arch/x86_64-Linux/packages/freesurfer/stable-5.3/mni/bin/nu_estimate_np_and_em -parzen -log -sharpen 0.15 0.01 -iterations 50 -stop 0.001 -shrink 4 -auto_mask -nonotify -b_spline 1 -distance 200 -quiet -execute -clobber -nokeeptmp -tmpdir ./tmp.mri_nu_correct.mni.37166/0/ ./tmp.mri_nu_correct.mni.37166/nu0.mnc ./tmp.mri_nu_correct.mni.37166/nu1.imp

Use of ?PATTERN? without explicit operator is deprecated at /neuro/arch/x86_64-Linux/packages/freesurfer/stable-5.3/mni/bin/sharpen_volume line 153.
Processing:.................................................................Done
Use of ?PATTERN? without explicit operator is deprecated at /neuro/arch/x86_64-Linux/packages/freesurfer/stable-5.3/mni/bin/sharpen_volume line 153.
Processing:.................................................................Done
Use of ?PATTERN? without explicit operator is deprecated at /neuro/arch/x86_64-Linux/packages/freesurfer/stable-5.3/mni/bin/sharpen_volume line 153.
Processing:.................................................................Done
Use of ?PATTERN? without explicit operator is deprecated at /neuro/arch/x86_64-Linux/packages/freesurfer/stable-5.3/mni/bin/sharpen_volume line 153.
Processing:.................................................................Done
Use of ?PATTERN? without explicit operator is deprecated at /neuro/arch/x86_64-Linux/packages/freesurfer/stable-5.3/mni/bin/sharpen_volume line 153.
Processing:.................................................................Done
Use of ?PATTERN? without explicit operator is deprecated at /neuro/arch/x86_64-Linux/packages/freesurfer/stable-5.3/mni/bin/sharpen_volume line 153.
Processing:.................................................................Done
Use of ?PATTERN? without explicit operator is deprecated at /neuro/arch/x86_64-Linux/packages/freesurfer/stable-5.3/mni/bin/sharpen_volume line 153.
Processing:.................................................................Done
Use of ?PATTERN? without explicit operator is deprecated at /neuro/arch/x86_64-Linux/packages/freesurfer/stable-5.3/mni/bin/sharpen_volume line 153.
Processing:.................................................................Done
Use of ?PATTERN? without explicit operator is deprecated at /neuro/arch/x86_64-Linux/packages/freesurfer/stable-5.3/mni/bin/sharpen_volume line 153.
Processing:.................................................................Done
Use of ?PATTERN? without explicit operator is deprecated at /neuro/arch/x86_64-Linux/packages/freesurfer/stable-5.3/mni/bin/sharpen_volume line 153.
Processing:.................................................................Done
Use of ?PATTERN? without explicit operator is deprecated at /neuro/arch/x86_64-Linux/packages/freesurfer/stable-5.3/mni/bin/sharpen_volume line 153.
Processing:.................................................................Done
Use of ?PATTERN? without explicit operator is deprecated at /neuro/arch/x86_64-Linux/packages/freesurfer/stable-5.3/mni/bin/sharpen_volume line 153.
Processing:.................................................................Done
Use of ?PATTERN? without explicit operator is deprecated at /neuro/arch/x86_64-Linux/packages/freesurfer/stable-5.3/mni/bin/sharpen_volume line 153.
Processing:.................................................................Done
Use of ?PATTERN? without explicit operator is deprecated at /neuro/arch/x86_64-Linux/packages/freesurfer/stable-5.3/mni/bin/sharpen_volume line 153.
Processing:.................................................................Done
Use of ?PATTERN? without explicit operator is deprecated at /neuro/arch/x86_64-Linux/packages/freesurfer/stable-5.3/mni/bin/sharpen_volume line 153.
Processing:.................................................................Done
Use of ?PATTERN? without explicit operator is deprecated at /neuro/arch/x86_64-Linux/packages/freesurfer/stable-5.3/mni/bin/sharpen_volume line 153.
Processing:.................................................................Done
Use of ?PATTERN? without explicit operator is deprecated at /neuro/arch/x86_64-Linux/packages/freesurfer/stable-5.3/mni/bin/sharpen_volume line 153.
Processing:.................................................................Done
Use of ?PATTERN? without explicit operator is deprecated at /neuro/arch/x86_64-Linux/packages/freesurfer/stable-5.3/mni/bin/sharpen_volume line 153.
Processing:.................................................................Done
Use of ?PATTERN? without explicit operator is deprecated at /neuro/arch/x86_64-Linux/packages/freesurfer/stable-5.3/mni/bin/sharpen_volume line 153.
Processing:.................................................................Done
Use of ?PATTERN? without explicit operator is deprecated at /neuro/arch/x86_64-Linux/packages/freesurfer/stable-5.3/mni/bin/sharpen_volume line 153.
Processing:.................................................................Done
Use of ?PATTERN? without explicit operator is deprecated at /neuro/arch/x86_64-Linux/packages/freesurfer/stable-5.3/mni/bin/sharpen_volume line 153.
Processing:.................................................................Done
Use of ?PATTERN? without explicit operator is deprecated at /neuro/arch/x86_64-Linux/packages/freesurfer/stable-5.3/mni/bin/sharpen_volume line 153.
Processing:.................................................................Done
Use of ?PATTERN? without explicit operator is deprecated at /neuro/arch/x86_64-Linux/packages/freesurfer/stable-5.3/mni/bin/sharpen_volume line 153.
Processing:.................................................................Done
Use of ?PATTERN? without explicit operator is deprecated at /neuro/arch/x86_64-Linux/packages/freesurfer/stable-5.3/mni/bin/sharpen_volume line 153.
Processing:.................................................................Done
Use of ?PATTERN? without explicit operator is deprecated at /neuro/arch/x86_64-Linux/packages/freesurfer/stable-5.3/mni/bin/sharpen_volume line 153.
Processing:.................................................................Done
Use of ?PATTERN? without explicit operator is deprecated at /neuro/arch/x86_64-Linux/packages/freesurfer/stable-5.3/mni/bin/sharpen_volume line 153.
Processing:.................................................................Done
Use of ?PATTERN? without explicit operator is deprecated at /neuro/arch/x86_64-Linux/packages/freesurfer/stable-5.3/mni/bin/sharpen_volume line 153.
Processing:.................................................................Done
Use of ?PATTERN? without explicit operator is deprecated at /neuro/arch/x86_64-Linux/packages/freesurfer/stable-5.3/mni/bin/sharpen_volume line 153.
Processing:.................................................................Done
Use of ?PATTERN? without explicit operator is deprecated at /neuro/arch/x86_64-Linux/packages/freesurfer/stable-5.3/mni/bin/sharpen_volume line 153.
Processing:.................................................................Done
Use of ?PATTERN? without explicit operator is deprecated at /neuro/arch/x86_64-Linux/packages/freesurfer/stable-5.3/mni/bin/sharpen_volume line 153.
Processing:.................................................................Done
Use of ?PATTERN? without explicit operator is deprecated at /neuro/arch/x86_64-Linux/packages/freesurfer/stable-5.3/mni/bin/sharpen_volume line 153.
Processing:.................................................................Done
Use of ?PATTERN? without explicit operator is deprecated at /neuro/arch/x86_64-Linux/packages/freesurfer/stable-5.3/mni/bin/sharpen_volume line 153.
Processing:.................................................................Done
Use of ?PATTERN? without explicit operator is deprecated at /neuro/arch/x86_64-Linux/packages/freesurfer/stable-5.3/mni/bin/sharpen_volume line 153.
Processing:.................................................................Done
Use of ?PATTERN? without explicit operator is deprecated at /neuro/arch/x86_64-Linux/packages/freesurfer/stable-5.3/mni/bin/sharpen_volume line 153.
Processing:.................................................................Done
Use of ?PATTERN? without explicit operator is deprecated at /neuro/arch/x86_64-Linux/packages/freesurfer/stable-5.3/mni/bin/sharpen_volume line 153.
Processing:.................................................................Done
Use of ?PATTERN? without explicit operator is deprecated at /neuro/arch/x86_64-Linux/packages/freesurfer/stable-5.3/mni/bin/sharpen_volume line 153.
Processing:.................................................................Done
Use of ?PATTERN? without explicit operator is deprecated at /neuro/arch/x86_64-Linux/packages/freesurfer/stable-5.3/mni/bin/sharpen_volume line 153.
Processing:.................................................................Done
Use of ?PATTERN? without explicit operator is deprecated at /neuro/arch/x86_64-Linux/packages/freesurfer/stable-5.3/mni/bin/sharpen_volume line 153.
Processing:.................................................................Done
Use of ?PATTERN? without explicit operator is deprecated at /neuro/arch/x86_64-Linux/packages/freesurfer/stable-5.3/mni/bin/sharpen_volume line 153.
Processing:.................................................................Done
Use of ?PATTERN? without explicit operator is deprecated at /neuro/arch/x86_64-Linux/packages/freesurfer/stable-5.3/mni/bin/sharpen_volume line 153.
Processing:.................................................................Done
Number of iterations: 40 
CV of field change: 0.000952894
[madelyn.rubenstein@rc-majesty:/net/tautona/neuro/tmp/surfsvTvo6free/MRI/Freesurfer/mri/] [2015-06-25 16:55:47] running:
  /neuro/arch/x86_64-Linux/packages/freesurfer/stable-5.3/mni/bin/make_template -quiet -shrink 3 ./tmp.mri_nu_correct.mni.37166/nu0.mnc ./tmp.mri_nu_correct.mni.37166/0//template.mnc

Transforming slices:......................................................................................Done
Transforming slices:................................................................................................................................................................................................................................................................Done
 
 
--------------------------------------------------------
Iteration 2 Thu Jun 25 16:55:52 EDT 2015
nu_correct -clobber ./tmp.mri_nu_correct.mni.37166/nu1.mnc ./tmp.mri_nu_correct.mni.37166/nu2.mnc -tmpdir ./tmp.mri_nu_correct.mni.37166/1/
defined(@array) is deprecated at /neuro/arch/x86_64-Linux/packages/freesurfer/stable-5.3/mni/bin/nu_estimate_np_and_em line 165.
	(Maybe you should just omit the defined()?)
defined(@array) is deprecated at /neuro/arch/x86_64-Linux/packages/freesurfer/stable-5.3/mni/bin/nu_estimate_np_and_em line 170.
	(Maybe you should just omit the defined()?)
defined(@array) is deprecated at /neuro/arch/x86_64-Linux/packages/freesurfer/stable-5.3/mni/bin/nu_estimate_np_and_em line 211.
	(Maybe you should just omit the defined()?)
defined(@array) is deprecated at /neuro/arch/x86_64-Linux/packages/freesurfer/stable-5.3/mni/bin/nu_estimate_np_and_em line 1051.
	(Maybe you should just omit the defined()?)
defined(@array) is deprecated at /neuro/arch/x86_64-Linux/packages/freesurfer/stable-5.3/mni/bin/nu_estimate_np_and_em line 1054.
	(Maybe you should just omit the defined()?)
defined(@array) is deprecated at /neuro/arch/x86_64-Linux/packages/freesurfer/stable-5.3/mni/bin/nu_estimate_np_and_em line 1449.
	(Maybe you should just omit the defined()?)
defined(@array) is deprecated at /neuro/arch/x86_64-Linux/packages/freesurfer/stable-5.3/mni/bin/nu_estimate_np_and_em line 1455.
	(Maybe you should just omit the defined()?)
defined(@array) is deprecated at /neuro/arch/x86_64-Linux/packages/freesurfer/stable-5.3/mni/bin/nu_estimate_np_and_em line 1457.
	(Maybe you should just omit the defined()?)
defined(@array) is deprecated at /neuro/arch/x86_64-Linux/packages/freesurfer/stable-5.3/mni/bin/nu_estimate_np_and_em line 1481.
	(Maybe you should just omit the defined()?)
defined(@array) is deprecated at /neuro/arch/x86_64-Linux/packages/freesurfer/stable-5.3/mni/bin/nu_estimate_np_and_em line 1631.
	(Maybe you should just omit the defined()?)
defined(@array) is deprecated at /neuro/arch/x86_64-Linux/packages/freesurfer/stable-5.3/mni/bin/nu_estimate_np_and_em line 1633.
	(Maybe you should just omit the defined()?)
defined(@array) is deprecated at /neuro/arch/x86_64-Linux/packages/freesurfer/stable-5.3/mni/bin/nu_estimate_np_and_em line 1635.
	(Maybe you should just omit the defined()?)
defined(@array) is deprecated at /neuro/arch/x86_64-Linux/packages/freesurfer/stable-5.3/mni/bin/nu_estimate_np_and_em line 1637.
	(Maybe you should just omit the defined()?)
defined(@array) is deprecated at /neuro/arch/x86_64-Linux/packages/freesurfer/stable-5.3/mni/bin/nu_estimate_np_and_em line 1639.
	(Maybe you should just omit the defined()?)
[madelyn.rubenstein@rc-majesty:/net/tautona/neuro/tmp/surfsvTvo6free/MRI/Freesurfer/mri/] [2015-06-25 16:55:53] running:
  /neuro/arch/x86_64-Linux/packages/freesurfer/stable-5.3/mni/bin/nu_estimate_np_and_em -parzen -log -sharpen 0.15 0.01 -iterations 50 -stop 0.001 -shrink 4 -auto_mask -nonotify -b_spline 1 -distance 200 -quiet -execute -clobber -nokeeptmp -tmpdir ./tmp.mri_nu_correct.mni.37166/1/ ./tmp.mri_nu_correct.mni.37166/nu1.mnc ./tmp.mri_nu_correct.mni.37166/nu2.imp

Use of ?PATTERN? without explicit operator is deprecated at /neuro/arch/x86_64-Linux/packages/freesurfer/stable-5.3/mni/bin/sharpen_volume line 153.
Processing:.................................................................Done
Use of ?PATTERN? without explicit operator is deprecated at /neuro/arch/x86_64-Linux/packages/freesurfer/stable-5.3/mni/bin/sharpen_volume line 153.
Processing:.................................................................Done
Use of ?PATTERN? without explicit operator is deprecated at /neuro/arch/x86_64-Linux/packages/freesurfer/stable-5.3/mni/bin/sharpen_volume line 153.
Processing:.................................................................Done
Use of ?PATTERN? without explicit operator is deprecated at /neuro/arch/x86_64-Linux/packages/freesurfer/stable-5.3/mni/bin/sharpen_volume line 153.
Processing:.................................................................Done
Use of ?PATTERN? without explicit operator is deprecated at /neuro/arch/x86_64-Linux/packages/freesurfer/stable-5.3/mni/bin/sharpen_volume line 153.
Processing:.................................................................Done
Use of ?PATTERN? without explicit operator is deprecated at /neuro/arch/x86_64-Linux/packages/freesurfer/stable-5.3/mni/bin/sharpen_volume line 153.
Processing:.................................................................Done
Use of ?PATTERN? without explicit operator is deprecated at /neuro/arch/x86_64-Linux/packages/freesurfer/stable-5.3/mni/bin/sharpen_volume line 153.
Processing:.................................................................Done
Use of ?PATTERN? without explicit operator is deprecated at /neuro/arch/x86_64-Linux/packages/freesurfer/stable-5.3/mni/bin/sharpen_volume line 153.
Processing:.................................................................Done
Use of ?PATTERN? without explicit operator is deprecated at /neuro/arch/x86_64-Linux/packages/freesurfer/stable-5.3/mni/bin/sharpen_volume line 153.
Processing:.................................................................Done
Use of ?PATTERN? without explicit operator is deprecated at /neuro/arch/x86_64-Linux/packages/freesurfer/stable-5.3/mni/bin/sharpen_volume line 153.
Processing:.................................................................Done
Use of ?PATTERN? without explicit operator is deprecated at /neuro/arch/x86_64-Linux/packages/freesurfer/stable-5.3/mni/bin/sharpen_volume line 153.
Processing:.................................................................Done
Use of ?PATTERN? without explicit operator is deprecated at /neuro/arch/x86_64-Linux/packages/freesurfer/stable-5.3/mni/bin/sharpen_volume line 153.
Processing:.................................................................Done
Use of ?PATTERN? without explicit operator is deprecated at /neuro/arch/x86_64-Linux/packages/freesurfer/stable-5.3/mni/bin/sharpen_volume line 153.
Processing:.................................................................Done
Use of ?PATTERN? without explicit operator is deprecated at /neuro/arch/x86_64-Linux/packages/freesurfer/stable-5.3/mni/bin/sharpen_volume line 153.
Processing:.................................................................Done
Use of ?PATTERN? without explicit operator is deprecated at /neuro/arch/x86_64-Linux/packages/freesurfer/stable-5.3/mni/bin/sharpen_volume line 153.
Processing:.................................................................Done
Use of ?PATTERN? without explicit operator is deprecated at /neuro/arch/x86_64-Linux/packages/freesurfer/stable-5.3/mni/bin/sharpen_volume line 153.
Processing:.................................................................Done
Use of ?PATTERN? without explicit operator is deprecated at /neuro/arch/x86_64-Linux/packages/freesurfer/stable-5.3/mni/bin/sharpen_volume line 153.
Processing:.................................................................Done
Use of ?PATTERN? without explicit operator is deprecated at /neuro/arch/x86_64-Linux/packages/freesurfer/stable-5.3/mni/bin/sharpen_volume line 153.
Processing:.................................................................Done
Use of ?PATTERN? without explicit operator is deprecated at /neuro/arch/x86_64-Linux/packages/freesurfer/stable-5.3/mni/bin/sharpen_volume line 153.
Processing:.................................................................Done
Use of ?PATTERN? without explicit operator is deprecated at /neuro/arch/x86_64-Linux/packages/freesurfer/stable-5.3/mni/bin/sharpen_volume line 153.
Processing:.................................................................Done
Use of ?PATTERN? without explicit operator is deprecated at /neuro/arch/x86_64-Linux/packages/freesurfer/stable-5.3/mni/bin/sharpen_volume line 153.
Processing:.................................................................Done
Use of ?PATTERN? without explicit operator is deprecated at /neuro/arch/x86_64-Linux/packages/freesurfer/stable-5.3/mni/bin/sharpen_volume line 153.
Processing:.................................................................Done
Use of ?PATTERN? without explicit operator is deprecated at /neuro/arch/x86_64-Linux/packages/freesurfer/stable-5.3/mni/bin/sharpen_volume line 153.
Processing:.................................................................Done
Use of ?PATTERN? without explicit operator is deprecated at /neuro/arch/x86_64-Linux/packages/freesurfer/stable-5.3/mni/bin/sharpen_volume line 153.
Processing:.................................................................Done
Use of ?PATTERN? without explicit operator is deprecated at /neuro/arch/x86_64-Linux/packages/freesurfer/stable-5.3/mni/bin/sharpen_volume line 153.
Processing:.................................................................Done
Use of ?PATTERN? without explicit operator is deprecated at /neuro/arch/x86_64-Linux/packages/freesurfer/stable-5.3/mni/bin/sharpen_volume line 153.
Processing:.................................................................Done
Use of ?PATTERN? without explicit operator is deprecated at /neuro/arch/x86_64-Linux/packages/freesurfer/stable-5.3/mni/bin/sharpen_volume line 153.
Processing:.................................................................Done
Use of ?PATTERN? without explicit operator is deprecated at /neuro/arch/x86_64-Linux/packages/freesurfer/stable-5.3/mni/bin/sharpen_volume line 153.
Processing:.................................................................Done
Use of ?PATTERN? without explicit operator is deprecated at /neuro/arch/x86_64-Linux/packages/freesurfer/stable-5.3/mni/bin/sharpen_volume line 153.
Processing:.................................................................Done
Number of iterations: 29 
CV of field change: 0.000986503
[madelyn.rubenstein@rc-majesty:/net/tautona/neuro/tmp/surfsvTvo6free/MRI/Freesurfer/mri/] [2015-06-25 16:56:23] running:
  /neuro/arch/x86_64-Linux/packages/freesurfer/stable-5.3/mni/bin/make_template -quiet -shrink 3 ./tmp.mri_nu_correct.mni.37166/nu1.mnc ./tmp.mri_nu_correct.mni.37166/1//template.mnc

Transforming slices:......................................................................................Done
Transforming slices:................................................................................................................................................................................................................................................................Done
 
 
 
mri_binarize --i ./tmp.mri_nu_correct.mni.37166/nu2.mnc --min -1 --o ./tmp.mri_nu_correct.mni.37166/ones.mgz

$Id: mri_binarize.c,v 1.26.2.1 2011/04/08 15:40:50 greve Exp $
cwd /net/tautona/neuro/tmp/surfsvTvo6free/MRI/Freesurfer/mri
cmdline mri_binarize --i ./tmp.mri_nu_correct.mni.37166/nu2.mnc --min -1 --o ./tmp.mri_nu_correct.mni.37166/ones.mgz 
sysname  Linux
hostname rc-majesty
machine  x86_64
user     madelyn.rubenstein

input      ./tmp.mri_nu_correct.mni.37166/nu2.mnc
frame      0
nErode3d   0
nErode2d   0
output     ./tmp.mri_nu_correct.mni.37166/ones.mgz
Binarizing based on threshold
min        -1
max        +infinity
binval        1
binvalnot     0
Found 16777216 values in range
Counting number of voxels
Found 16777216 voxels in final mask
mri_binarize done
mri_segstats --id 1 --seg ./tmp.mri_nu_correct.mni.37166/ones.mgz --i orig.mgz --sum ./tmp.mri_nu_correct.mni.37166/sum.junk --avgwf ./tmp.mri_nu_correct.mni.37166/input.mean.dat

$Id: mri_segstats.c,v 1.75.2.9 2013/02/16 00:09:33 greve Exp $
cwd 
cmdline mri_segstats --id 1 --seg ./tmp.mri_nu_correct.mni.37166/ones.mgz --i orig.mgz --sum ./tmp.mri_nu_correct.mni.37166/sum.junk --avgwf ./tmp.mri_nu_correct.mni.37166/input.mean.dat 
sysname  Linux
hostname rc-majesty
machine  x86_64
user     madelyn.rubenstein
UseRobust  0
Loading ./tmp.mri_nu_correct.mni.37166/ones.mgz
Loading orig.mgz
Voxel Volume is 1 mm^3
Generating list of segmentation ids
Found   1 segmentations
Computing statistics for each segmentation
  0     1                                     16777216  16777216.000

Reporting on   1 segmentations
Computing spatial average of each frame
  0
Writing to ./tmp.mri_nu_correct.mni.37166/input.mean.dat
mri_segstats done
mri_segstats --id 1 --seg ./tmp.mri_nu_correct.mni.37166/ones.mgz --i ./tmp.mri_nu_correct.mni.37166/nu2.mnc --sum ./tmp.mri_nu_correct.mni.37166/sum.junk --avgwf ./tmp.mri_nu_correct.mni.37166/output.mean.dat

$Id: mri_segstats.c,v 1.75.2.9 2013/02/16 00:09:33 greve Exp $
cwd 
cmdline mri_segstats --id 1 --seg ./tmp.mri_nu_correct.mni.37166/ones.mgz --i ./tmp.mri_nu_correct.mni.37166/nu2.mnc --sum ./tmp.mri_nu_correct.mni.37166/sum.junk --avgwf ./tmp.mri_nu_correct.mni.37166/output.mean.dat 
sysname  Linux
hostname rc-majesty
machine  x86_64
user     madelyn.rubenstein
UseRobust  0
Loading ./tmp.mri_nu_correct.mni.37166/ones.mgz
Loading ./tmp.mri_nu_correct.mni.37166/nu2.mnc
Voxel Volume is 1 mm^3
Generating list of segmentation ids
Found   1 segmentations
Computing statistics for each segmentation
  0     1                                     16777216  16777216.000

Reporting on   1 segmentations
Computing spatial average of each frame
  0
Writing to ./tmp.mri_nu_correct.mni.37166/output.mean.dat
mri_segstats done
mris_calc -o ./tmp.mri_nu_correct.mni.37166/nu2.mnc ./tmp.mri_nu_correct.mni.37166/nu2.mnc mul .89276406225944875520
mri_convert ./tmp.mri_nu_correct.mni.37166/nu2.mnc nu.mgz --like orig.mgz --conform
mri_convert ./tmp.mri_nu_correct.mni.37166/nu2.mnc nu.mgz --like orig.mgz --conform 
$Id: mri_convert.c,v 1.179.2.7 2012/09/05 21:55:16 mreuter Exp $
reading from ./tmp.mri_nu_correct.mni.37166/nu2.mnc...
TR=0.00, TE=0.00, TI=0.00, flip angle=0.00
i_ras = (-1, -5.96047e-08, 0)
j_ras = (6.26666e-18, 3.94261e-19, -1)
k_ras = (-7.45058e-09, 1, 0)
Original Data has (1, 1, 1) mm size and (256, 256, 256) voxels.
Data is conformed to 1 mm size and 256 voxels for all directions
INFO: transform src into the like-volume: orig.mgz
changing data type from float to uchar (noscale = 0)...
MRIchangeType: Building histogram 
writing to nu.mgz...
 
 
Thu Jun 25 16:56:56 EDT 2015
mri_nu_correct.mni done
